Flutter crash report.
Please report a bug at https://github.com/flutter/flutter/issues.

## command

flutter --no-color run --machine --track-widget-creation --device-id=chrome --start-paused --dart-define=flutter.inspector.structuredErrors=true lib\main.dart

## exception

ArgumentError: Invalid argument(s): Uri c:/Users/adity/StudioProjects/myapp1/android/fonts/ProtestRiot-Regular.ttf must have scheme 'file:'.

```
#0      WindowsStyle.pathFromUri (package:path/src/style/windows.dart:86:7)
#1      Context.fromUri (package:path/src/context.dart:1040:40)
#2      ManifestAssetBundle._resolveAsset (package:flutter_tools/src/asset.dart:1074:47)
#3      ManifestAssetBundle._parseAssets (package:flutter_tools/src/asset.dart:884:34)
#4      ManifestAssetBundle.build (package:flutter_tools/src/asset.dart:267:54)
<asynchronous suspension>
#5      ResidentWebRunner._updateDevFS (package:flutter_tools/src/isolated/resident_web_runner.dart:531:26)
<asynchronous suspension>
#6      ResidentWebRunner.run.<anonymous closure> (package:flutter_tools/src/isolated/resident_web_runner.dart:319:41)
<asynchronous suspension>
#7      asyncGuard.<anonymous closure> (package:flutter_tools/src/base/async_guard.dart:111:24)
<asynchronous suspension>
```

## flutter doctor

```
[☠] Flutter (the doctor check crashed)
    ✗ Due to an error, the doctor check did not complete. If the error message below is not helpful, please let us know about this issue at https://github.com/flutter/flutter/issues.
    ✗ Error: Cannot find the executable for `where`. This can happen if the System32 folder (e.g. C:\Windows\System32 ) is removed from the PATH environment variable. Ensure that this is present and then try again after restarting the terminal and/or IDE.
    • #0      throwToolExit (package:flutter_tools/src/base/common.dart:10:3)
      #1      _WindowsUtils._which (package:flutter_tools/src/base/os.dart:488:7)
      #2      OperatingSystemUtils.which (package:flutter_tools/src/base/os.dart:92:31)
      #3      FlutterValidator._validateSdkBinary (package:flutter_tools/src/doctor.dart:666:52)
      #4      FlutterValidator._validateRequiredBinaries (package:flutter_tools/src/doctor.dart:653:47)
      #5      FlutterValidator.validate (package:flutter_tools/src/doctor.dart:567:7)
      #6      Doctor.startValidatorTasks.<anonymous closure> (package:flutter_tools/src/doctor.dart:272:72)
      #7      asyncGuard.<anonymous closure> (package:flutter_tools/src/base/async_guard.dart:111:32)
      #8      _rootRun (dart:async/zone.dart:1399:13)
      #9      _CustomZone.run (dart:async/zone.dart:1301:19)
      #10     _runZoned (dart:async/zone.dart:1804:10)
      #11     runZonedGuarded (dart:async/zone.dart:1792:12)
      #12     runZoned (dart:async/zone.dart:1744:12)
      #13     asyncGuard (package:flutter_tools/src/base/async_guard.dart:109:3)
      #14     Doctor.startValidatorTasks (package:flutter_tools/src/doctor.dart:264:9)
      #15     DoctorText._validatorTasks (package:flutter_tools/src/doctor.dart:792:60)
      #16     DoctorText._validatorTasks (package:flutter_tools/src/doctor.dart)
      #17     DoctorText._runDiagnosis (package:flutter_tools/src/doctor.dart:796:53)
      #18     DoctorText.text (package:flutter_tools/src/doctor.dart:788:36)
      #19     DoctorText.text (package:flutter_tools/src/doctor.dart)
      #20     _createLocalCrashReport (package:flutter_tools/runner.dart:262:51)
      #21     _handleToolError (package:flutter_tools/runner.dart:224:31)
      <asynchronous suspension>
      #22     AppContext.run.<anonymous closure> (package:flutter_tools/src/base/context.dart:153:19)
      <asynchronous suspension>
      #23     main (package:flutter_tools/executable.dart:90:3)
      <asynchronous suspension>


[✓] Windows Version (Installed version of Windows is version 10 or higher)

[✓] Android toolchain - develop for Android devices (Android SDK version 34.0.0)
    • Android SDK at C:\Users\adity\AppData\Local\Android\sdk
    • Platform android-34, build-tools 34.0.0
    • Java binary at: C:\Program Files\Android\Android Studio\jbr\bin\java
    • Java version OpenJDK Runtime Environment (build 17.0.7+0-b2043.56-10550314)
    • All Android licenses accepted.

[✓] Chrome - develop for the web
    • Chrome at C:\Program Files\Google\Chrome\Application\chrome.exe

[✗] Visual Studio - develop Windows apps
    ✗ Visual Studio not installed; this is necessary to develop Windows apps.
      Download at https://visualstudio.microsoft.com/downloads/.
      Please install the "Desktop development with C++" workload, including all of its default components

[✓] Android Studio (version 2023.1)
    • Android Studio at C:\Program Files\Android\Android Studio
    • Flutter plugin can be installed from:
      🔨 https://plugins.jetbrains.com/plugin/9212-flutter
    • Dart plugin can be installed from:
      🔨 https://plugins.jetbrains.com/plugin/6351-dart
    • Java version OpenJDK Runtime Environment (build 17.0.7+0-b2043.56-10550314)

[✓] VS Code (version 1.86.2)
    • VS Code at C:\Users\adity\AppData\Local\Programs\Microsoft VS Code
    • Flutter extension can be installed from:
      🔨 https://marketplace.visualstudio.com/items?itemName=Dart-Code.flutter

[✓] Connected device (2 available)
    • Windows (desktop) • windows • windows-x64    • Microsoft Windows [Version 10.0.22621.3155]
    • Chrome (web)      • chrome  • web-javascript • unknown

[✓] Network resources
    • All expected network resources are available.

! Doctor found issues in 2 categories.
```
